c:\users\alu665\pictures\po-ong-v2\project\sdl_project\x64\debug\vc143.pdb
c:\users\alu665\pictures\po-ong-v2\project\sdl_project\x64\debug\vc143.idb
c:\users\alu665\pictures\po-ong-v2\project\sdl_project\x64\debug\render.obj
c:\users\alu665\pictures\po-ong-v2\project\sdl_project\x64\debug\sdl_project.obj
c:\users\casto\source\repos\po-ong\project\sdl_project\x64\debug\vc143.pdb
c:\users\casto\source\repos\po-ong\project\sdl_project\x64\debug\vc143.idb
c:\users\casto\source\repos\po-ong\project\sdl_project\x64\debug\render.obj
c:\users\casto\source\repos\po-ong\project\sdl_project\x64\debug\ia.obj
c:\users\casto\source\repos\po-ong\project\sdl_project\x64\debug\game.obj
c:\users\casto\source\repos\po-ong\project\sdl_project\x64\debug\sdl_project.obj
c:\users\casto\source\repos\po-ong\project\sdl_project\x64\debug\input.obj
c:\users\casto\source\repos\po-ong\project\sdl_project\x64\debug\player.obj
c:\users\casto\source\repos\po-ong\project\sdl_project\x64\debug\ball.obj
c:\users\casto\source\repos\po-ong\project\x64\debug\sdl_project.pdb
c:\users\casto\source\repos\po-ong\project\sdl_project\x64\debug\sdl_project.tlog\cl.command.1.tlog
c:\users\casto\source\repos\po-ong\project\sdl_project\x64\debug\sdl_project.tlog\cl.read.1.tlog
c:\users\casto\source\repos\po-ong\project\sdl_project\x64\debug\sdl_project.tlog\cl.write.1.tlog
c:\users\casto\source\repos\po-ong\project\sdl_project\x64\debug\sdl_project.tlog\link-cvtres.read.1.tlog
c:\users\casto\source\repos\po-ong\project\sdl_project\x64\debug\sdl_project.tlog\link-cvtres.write.1.tlog
c:\users\casto\source\repos\po-ong\project\sdl_project\x64\debug\sdl_project.tlog\link-rc.read.1.tlog
c:\users\casto\source\repos\po-ong\project\sdl_project\x64\debug\sdl_project.tlog\link-rc.write.1.tlog
c:\users\casto\source\repos\po-ong\project\sdl_project\x64\debug\sdl_project.tlog\link.command.1.tlog
c:\users\casto\source\repos\po-ong\project\sdl_project\x64\debug\sdl_project.tlog\link.read.1.tlog
c:\users\casto\source\repos\po-ong\project\sdl_project\x64\debug\sdl_project.tlog\link.read.2.tlog
c:\users\casto\source\repos\po-ong\project\sdl_project\x64\debug\sdl_project.tlog\link.write.1.tlog
