  SDL_Project.cpp
  SDL_Project.vcxproj -> E:\Intro a la Programacion\SDL_Project_BASE\project\x64\Debug\SDL_Project.exe
  E:\Intro a la Programacion\SDL_Project_BASE\project\..\libs\SDL2_image\lib\x64\libjpeg-9.dll
  E:\Intro a la Programacion\SDL_Project_BASE\project\..\libs\SDL2_image\lib\x64\libpng16-16.dll
  E:\Intro a la Programacion\SDL_Project_BASE\project\..\libs\SDL2_image\lib\x64\libtiff-5.dll
  E:\Intro a la Programacion\SDL_Project_BASE\project\..\libs\SDL2_image\lib\x64\libwebp-7.dll
  E:\Intro a la Programacion\SDL_Project_BASE\project\..\libs\SDL2_image\lib\x64\SDL2_image.dll
  E:\Intro a la Programacion\SDL_Project_BASE\project\..\libs\SDL2_image\lib\x64\zlib1.dll
  6 archivo(s) copiado(s)
  E:\Intro a la Programacion\SDL_Project_BASE\project\..\libs\SDL2_ttf\lib\x64\SDL2_ttf.dll
  1 archivo(s) copiado(s)
  E:\Intro a la Programacion\SDL_Project_BASE\project\..\libs\SDL2\lib\x64\SDL2.dll
  1 archivo(s) copiado(s)
  E:\Intro a la Programacion\SDL_Project_BASE\project\..\libs\SDL2_mixer\lib\x64\libFLAC-8.dll
  E:\Intro a la Programacion\SDL_Project_BASE\project\..\libs\SDL2_mixer\lib\x64\libmodplug-1.dll
  E:\Intro a la Programacion\SDL_Project_BASE\project\..\libs\SDL2_mixer\lib\x64\libmpg123-0.dll
  E:\Intro a la Programacion\SDL_Project_BASE\project\..\libs\SDL2_mixer\lib\x64\libogg-0.dll
  E:\Intro a la Programacion\SDL_Project_BASE\project\..\libs\SDL2_mixer\lib\x64\libopus-0.dll
  E:\Intro a la Programacion\SDL_Project_BASE\project\..\libs\SDL2_mixer\lib\x64\libopusfile-0.dll
  E:\Intro a la Programacion\SDL_Project_BASE\project\..\libs\SDL2_mixer\lib\x64\libvorbis-0.dll
  E:\Intro a la Programacion\SDL_Project_BASE\project\..\libs\SDL2_mixer\lib\x64\libvorbisfile-3.dll
  E:\Intro a la Programacion\SDL_Project_BASE\project\..\libs\SDL2_mixer\lib\x64\SDL2_mixer.dll
  9 archivo(s) copiado(s)
  E:\Intro a la Programacion\SDL_Project_BASE\project\..\assets\bgm\littleidea.mp3
  E:\Intro a la Programacion\SDL_Project_BASE\project\..\assets\fonts\arial.ttf
  E:\Intro a la Programacion\SDL_Project_BASE\project\..\assets\img\enemy.png
  E:\Intro a la Programacion\SDL_Project_BASE\project\..\assets\img\player.png
  4 archivo(s) copiado(s)
